yyyy-03-00 17:40:43 [INFO]: Loading App... 

yyyy-03-00 17:40:43 [INFO]: MongoDB connected 

yyyy-03-00 17:40:43 [INFO]: Loading Middlewares...
yyyy-03-00 17:40:43 [INFO]: All Middlewares Loaded...

yyyy-03-00 17:40:43 [INFO]: Mounting Routes...
yyyy-03-00 17:40:43 [INFO]: Dev Router mounted at: /dev
yyyy-03-00 17:40:43 [INFO]: Auth Router mounted at: /auth
yyyy-03-00 17:40:43 [INFO]: Account Router mounted at: /account
yyyy-03-00 17:40:43 [INFO]: Routes Mounted... 

yyyy-03-00 17:40:43 [INFO]: Server is running at http://localhost:4000
yyyy-03-00 18:56:32 [INFO]: Loading App... 

yyyy-03-00 18:56:32 [INFO]: MongoDB connected 

yyyy-03-00 18:56:32 [INFO]: Loading Middlewares...
yyyy-03-00 18:56:32 [INFO]: All Middlewares Loaded...

yyyy-03-00 18:56:32 [INFO]: Mounting Routes...
yyyy-03-00 18:56:32 [INFO]: Dev Router mounted at: /dev
yyyy-03-00 18:56:32 [INFO]: Auth Router mounted at: /auth
yyyy-03-00 18:56:32 [INFO]: Account Router mounted at: /account
yyyy-03-00 18:56:32 [INFO]: Routes Mounted... 

yyyy-03-00 18:56:32 [INFO]: Server is running at http://localhost:4000
yyyy-03-00 19:00:28 [INFO]: Loading App... 

yyyy-03-00 19:00:28 [INFO]: MongoDB connected 

yyyy-03-00 19:00:28 [INFO]: Loading Middlewares...
yyyy-03-00 19:00:28 [INFO]: All Middlewares Loaded...

yyyy-03-00 19:00:28 [INFO]: Mounting Routes...
yyyy-03-00 19:00:28 [INFO]: Dev Router mounted at: /dev
yyyy-03-00 19:00:28 [INFO]: Auth Router mounted at: /auth
yyyy-03-00 19:00:28 [INFO]: Account Router mounted at: /account
yyyy-03-00 19:00:28 [INFO]: Routes Mounted... 

yyyy-03-00 19:00:28 [INFO]: Server is running at http://localhost:4000
yyyy-03-00 19:00:32 [INFO]: Loading App... 

yyyy-03-00 19:00:32 [INFO]: MongoDB connected 

yyyy-03-00 19:00:32 [INFO]: Loading Middlewares...
yyyy-03-00 19:00:32 [INFO]: All Middlewares Loaded...

yyyy-03-00 19:00:32 [INFO]: Mounting Routes...
yyyy-03-00 19:00:32 [INFO]: Dev Router mounted at: /dev
yyyy-03-00 19:00:32 [INFO]: Auth Router mounted at: /auth
yyyy-03-00 19:00:32 [INFO]: Account Router mounted at: /account
yyyy-03-00 19:00:32 [INFO]: Routes Mounted... 

yyyy-03-00 19:00:32 [INFO]: Server is running at http://localhost:4000
yyyy-03-00 19:01:03 [INFO]: Loading App... 

yyyy-03-00 19:01:04 [INFO]: MongoDB connected 

yyyy-03-00 19:01:04 [INFO]: Loading Middlewares...
yyyy-03-00 19:01:04 [INFO]: All Middlewares Loaded...

yyyy-03-00 19:01:04 [INFO]: Mounting Routes...
yyyy-03-00 19:01:04 [INFO]: Dev Router mounted at: /dev
yyyy-03-00 19:01:04 [INFO]: Auth Router mounted at: /auth
yyyy-03-00 19:01:04 [INFO]: Account Router mounted at: /account
yyyy-03-00 19:01:04 [INFO]: Routes Mounted... 

yyyy-03-00 19:01:04 [INFO]: Server is running at http://localhost:4000
yyyy-03-00 19:01:12 [INFO]: Loading App... 

yyyy-03-00 19:01:12 [INFO]: MongoDB connected 

yyyy-03-00 19:01:12 [INFO]: Loading Middlewares...
yyyy-03-00 19:01:12 [INFO]: All Middlewares Loaded...

yyyy-03-00 19:01:12 [INFO]: Mounting Routes...
yyyy-03-00 19:01:12 [INFO]: Dev Router mounted at: /dev
yyyy-03-00 19:01:12 [INFO]: Auth Router mounted at: /auth
yyyy-03-00 19:01:12 [INFO]: Account Router mounted at: /account
yyyy-03-00 19:01:12 [INFO]: Routes Mounted... 

yyyy-03-00 19:01:12 [INFO]: Server is running at http://localhost:4000
yyyy-03-00 19:06:34 [INFO]: Loading App... 

yyyy-03-00 19:06:34 [INFO]: MongoDB connected 

yyyy-03-00 19:06:34 [INFO]: Loading Middlewares...
yyyy-03-00 19:06:34 [INFO]: All Middlewares Loaded...

yyyy-03-00 19:06:34 [INFO]: Mounting Routes...
yyyy-03-00 19:06:34 [INFO]: Dev Router mounted at: /dev
yyyy-03-00 19:06:34 [INFO]: Auth Router mounted at: /auth
yyyy-03-00 19:06:34 [INFO]: Account Router mounted at: /account
yyyy-03-00 19:06:34 [INFO]: Routes Mounted... 

yyyy-03-00 19:06:34 [INFO]: Server is running at http://localhost:4000
yyyy-03-00 19:07:14 [INFO]: Loading App... 

yyyy-03-00 19:07:14 [INFO]: MongoDB connected 

yyyy-03-00 19:07:14 [INFO]: Loading Middlewares...
yyyy-03-00 19:07:14 [INFO]: All Middlewares Loaded...

yyyy-03-00 19:07:14 [INFO]: Mounting Routes...
yyyy-03-00 19:07:14 [INFO]: Dev Router mounted at: /dev
yyyy-03-00 19:07:14 [INFO]: Auth Router mounted at: /auth
yyyy-03-00 19:07:14 [INFO]: Account Router mounted at: /account
yyyy-03-00 19:07:14 [INFO]: Routes Mounted... 

yyyy-03-00 19:07:14 [INFO]: Server is running at http://localhost:4000
yyyy-03-00 19:08:25 [INFO]: Loading App... 

yyyy-03-00 19:08:25 [INFO]: MongoDB connected 

yyyy-03-00 19:08:25 [INFO]: Loading Middlewares...
yyyy-03-00 19:08:25 [INFO]: All Middlewares Loaded...

yyyy-03-00 19:08:25 [INFO]: Mounting Routes...
yyyy-03-00 19:08:25 [INFO]: Dev Router mounted at: /dev
yyyy-03-00 19:08:25 [INFO]: Auth Router mounted at: /auth
yyyy-03-00 19:08:25 [INFO]: Account Router mounted at: /account
yyyy-03-00 19:08:25 [INFO]: Routes Mounted... 

yyyy-03-00 19:08:25 [INFO]: Server is running at http://localhost:4000
yyyy-03-00 19:08:27 [INFO]: Loading App... 

yyyy-03-00 19:08:27 [INFO]: MongoDB connected 

yyyy-03-00 19:08:27 [INFO]: Loading Middlewares...
yyyy-03-00 19:08:27 [INFO]: All Middlewares Loaded...

yyyy-03-00 19:08:27 [INFO]: Mounting Routes...
yyyy-03-00 19:08:27 [INFO]: Dev Router mounted at: /dev
yyyy-03-00 19:08:27 [INFO]: Auth Router mounted at: /auth
yyyy-03-00 19:08:27 [INFO]: Account Router mounted at: /account
yyyy-03-00 19:08:27 [INFO]: Routes Mounted... 

yyyy-03-00 19:08:27 [INFO]: Server is running at http://localhost:4000
yyyy-03-00 19:09:03 [INFO]: Loading App... 

yyyy-03-00 19:09:03 [INFO]: MongoDB connected 

yyyy-03-00 19:09:03 [INFO]: Loading Middlewares...
yyyy-03-00 19:09:03 [INFO]: All Middlewares Loaded...

yyyy-03-00 19:09:03 [INFO]: Mounting Routes...
yyyy-03-00 19:09:03 [INFO]: Dev Router mounted at: /dev
yyyy-03-00 19:09:03 [INFO]: Auth Router mounted at: /auth
yyyy-03-00 19:09:03 [INFO]: Account Router mounted at: /account
yyyy-03-00 19:09:03 [INFO]: Routes Mounted... 

yyyy-03-00 19:09:03 [INFO]: Server is running at http://localhost:4000
yyyy-03-00 19:09:40 [INFO]: Loading App... 

yyyy-03-00 19:09:41 [INFO]: MongoDB connected 

yyyy-03-00 19:09:41 [INFO]: Loading Middlewares...
yyyy-03-00 19:09:41 [INFO]: All Middlewares Loaded...

yyyy-03-00 19:09:41 [INFO]: Mounting Routes...
yyyy-03-00 19:09:41 [INFO]: Dev Router mounted at: /dev
yyyy-03-00 19:09:41 [INFO]: Auth Router mounted at: /auth
yyyy-03-00 19:09:41 [INFO]: Account Router mounted at: /account
yyyy-03-00 19:09:41 [INFO]: Routes Mounted... 

yyyy-03-00 19:09:41 [INFO]: Server is running at http://localhost:4000
yyyy-03-00 19:10:25 [INFO]: Loading App... 

yyyy-03-00 19:10:25 [INFO]: MongoDB connected 

yyyy-03-00 19:10:25 [INFO]: Loading Middlewares...
yyyy-03-00 19:10:25 [INFO]: All Middlewares Loaded...

yyyy-03-00 19:10:25 [INFO]: Mounting Routes...
yyyy-03-00 19:10:25 [INFO]: Dev Router mounted at: /dev
yyyy-03-00 19:10:25 [INFO]: Auth Router mounted at: /auth
yyyy-03-00 19:10:25 [INFO]: Account Router mounted at: /account
yyyy-03-00 19:10:25 [INFO]: Routes Mounted... 

yyyy-03-00 19:10:25 [INFO]: Server is running at http://localhost:4000
yyyy-03-00 19:17:11 [INFO]: Loading App... 

yyyy-03-00 19:17:11 [INFO]: MongoDB connected 

yyyy-03-00 19:17:11 [INFO]: Loading Middlewares...
yyyy-03-00 19:17:11 [INFO]: All Middlewares Loaded...

yyyy-03-00 19:17:11 [INFO]: Mounting Routes...
yyyy-03-00 19:17:11 [INFO]: Dev Router mounted at: /dev
yyyy-03-00 19:17:11 [INFO]: Auth Router mounted at: /auth
yyyy-03-00 19:17:11 [INFO]: Account Router mounted at: /account
yyyy-03-00 19:17:11 [INFO]: Routes Mounted... 

yyyy-03-00 19:17:11 [INFO]: Server is running at http://localhost:4000
yyyy-03-00 19:17:21 [INFO]: Loading App... 

yyyy-03-00 19:17:21 [INFO]: MongoDB connected 

yyyy-03-00 19:17:21 [INFO]: Loading Middlewares...
yyyy-03-00 19:17:21 [INFO]: All Middlewares Loaded...

yyyy-03-00 19:17:21 [INFO]: Mounting Routes...
yyyy-03-00 19:17:21 [INFO]: Dev Router mounted at: /dev
yyyy-03-00 19:17:21 [INFO]: Auth Router mounted at: /auth
yyyy-03-00 19:17:21 [INFO]: Account Router mounted at: /account
yyyy-03-00 19:17:21 [INFO]: Routes Mounted... 

yyyy-03-00 19:17:21 [INFO]: Server is running at http://localhost:4000
yyyy-03-00 19:20:27 [INFO]: Loading App... 

yyyy-03-00 19:20:27 [INFO]: MongoDB connected 

yyyy-03-00 19:20:27 [INFO]: Loading Middlewares...
yyyy-03-00 19:20:27 [INFO]: All Middlewares Loaded...

yyyy-03-00 19:20:27 [INFO]: Mounting Routes...
yyyy-03-00 19:20:27 [INFO]: Dev Router mounted at: /dev
yyyy-03-00 19:20:27 [INFO]: Auth Router mounted at: /auth
yyyy-03-00 19:20:27 [INFO]: Account Router mounted at: /account
yyyy-03-00 19:20:27 [INFO]: Routes Mounted... 

yyyy-03-00 19:20:27 [INFO]: Server is running at http://localhost:4000
yyyy-03-00 19:30:02 [INFO]: Loading App... 

yyyy-03-00 19:30:02 [INFO]: MongoDB connected 

yyyy-03-00 19:30:02 [INFO]: Loading Middlewares...
yyyy-03-00 19:30:02 [INFO]: All Middlewares Loaded...

yyyy-03-00 19:30:02 [INFO]: Mounting Routes...
yyyy-03-00 19:30:02 [INFO]: Dev Router mounted at: /dev
yyyy-03-00 19:30:02 [INFO]: Auth Router mounted at: /auth
yyyy-03-00 19:30:02 [INFO]: Account Router mounted at: /account
yyyy-03-00 19:30:02 [INFO]: Routes Mounted... 

yyyy-03-00 19:30:02 [INFO]: Server is running at http://localhost:4000
yyyy-03-00 19:30:10 [INFO]: Loading App... 

yyyy-03-00 19:30:10 [INFO]: MongoDB connected 

yyyy-03-00 19:30:10 [INFO]: Loading Middlewares...
yyyy-03-00 19:30:10 [INFO]: All Middlewares Loaded...

yyyy-03-00 19:30:10 [INFO]: Mounting Routes...
yyyy-03-00 19:30:10 [INFO]: Dev Router mounted at: /dev
yyyy-03-00 19:30:10 [INFO]: Auth Router mounted at: /auth
yyyy-03-00 19:30:10 [INFO]: Account Router mounted at: /account
yyyy-03-00 19:30:10 [INFO]: Routes Mounted... 

yyyy-03-00 19:30:10 [INFO]: Server is running at http://localhost:4000
yyyy-03-00 19:30:24 [INFO]: Loading App... 

yyyy-03-00 19:30:24 [INFO]: MongoDB connected 

yyyy-03-00 19:30:24 [INFO]: Loading Middlewares...
yyyy-03-00 19:30:24 [INFO]: All Middlewares Loaded...

yyyy-03-00 19:30:24 [INFO]: Mounting Routes...
yyyy-03-00 19:30:24 [INFO]: Dev Router mounted at: /dev
yyyy-03-00 19:30:24 [INFO]: Auth Router mounted at: /auth
yyyy-03-00 19:30:24 [INFO]: Account Router mounted at: /account
yyyy-03-00 19:30:24 [INFO]: Routes Mounted... 

yyyy-03-00 19:30:24 [INFO]: Server is running at http://localhost:4000
yyyy-03-00 19:30:55 [INFO]: Loading App... 

yyyy-03-00 19:30:55 [INFO]: MongoDB connected 

yyyy-03-00 19:30:55 [INFO]: Loading Middlewares...
yyyy-03-00 19:30:55 [INFO]: All Middlewares Loaded...

yyyy-03-00 19:30:55 [INFO]: Mounting Routes...
yyyy-03-00 19:30:55 [INFO]: Dev Router mounted at: /dev
yyyy-03-00 19:30:55 [INFO]: Auth Router mounted at: /auth
yyyy-03-00 19:30:55 [INFO]: Account Router mounted at: /account
yyyy-03-00 19:30:55 [INFO]: Routes Mounted... 

yyyy-03-00 19:30:55 [INFO]: Server is running at http://localhost:4000
yyyy-03-00 19:31:09 [INFO]: Loading App... 

yyyy-03-00 19:31:09 [INFO]: MongoDB connected 

yyyy-03-00 19:31:09 [INFO]: Loading Middlewares...
yyyy-03-00 19:31:09 [INFO]: All Middlewares Loaded...

yyyy-03-00 19:31:09 [INFO]: Mounting Routes...
yyyy-03-00 19:31:09 [INFO]: Dev Router mounted at: /dev
yyyy-03-00 19:31:09 [INFO]: Auth Router mounted at: /auth
yyyy-03-00 19:31:09 [INFO]: Account Router mounted at: /account
yyyy-03-00 19:31:09 [INFO]: Routes Mounted... 

yyyy-03-00 19:31:09 [INFO]: Server is running at http://localhost:4000
yyyy-03-00 20:05:12 [INFO]: Loading App... 

yyyy-03-00 20:05:13 [INFO]: MongoDB connected 

yyyy-03-00 20:05:13 [INFO]: Loading Middlewares...
yyyy-03-00 20:05:13 [INFO]: All Middlewares Loaded...

yyyy-03-00 20:05:13 [INFO]: Mounting Routes...
yyyy-03-00 20:05:13 [INFO]: Dev Router mounted at: /dev
yyyy-03-00 20:05:13 [INFO]: Auth Router mounted at: /auth
yyyy-03-00 20:05:13 [INFO]: Account Router mounted at: /account
yyyy-03-00 20:05:13 [INFO]: Routes Mounted... 

yyyy-03-00 20:05:13 [INFO]: Server is running at http://localhost:4000
yyyy-03-00 20:08:58 [INFO]: Loading App... 

yyyy-03-00 20:08:58 [INFO]: MongoDB connected 

yyyy-03-00 20:08:58 [INFO]: Loading Middlewares...
yyyy-03-00 20:08:58 [INFO]: All Middlewares Loaded...

yyyy-03-00 20:08:58 [INFO]: Mounting Routes...
yyyy-03-00 20:08:58 [INFO]: Dev Router mounted at: /dev
yyyy-03-00 20:08:58 [INFO]: Auth Router mounted at: /auth
yyyy-03-00 20:08:58 [INFO]: Account Router mounted at: /account
yyyy-03-00 20:08:58 [INFO]: Routes Mounted... 

yyyy-03-00 20:08:58 [INFO]: Server is running at http://localhost:4000
yyyy-03-00 20:09:06 [INFO]: Loading App... 

yyyy-03-00 20:09:06 [INFO]: MongoDB connected 

yyyy-03-00 20:09:06 [INFO]: Loading Middlewares...
yyyy-03-00 20:09:06 [INFO]: All Middlewares Loaded...

yyyy-03-00 20:09:06 [INFO]: Mounting Routes...
yyyy-03-00 20:09:06 [INFO]: Dev Router mounted at: /dev
yyyy-03-00 20:09:06 [INFO]: Auth Router mounted at: /auth
yyyy-03-00 20:09:06 [INFO]: Account Router mounted at: /account
yyyy-03-00 20:09:06 [INFO]: Routes Mounted... 

yyyy-03-00 20:09:06 [INFO]: Server is running at http://localhost:4000
yyyy-03-00 20:09:08 [INFO]: Loading App... 

yyyy-03-00 20:09:08 [INFO]: MongoDB connected 

yyyy-03-00 20:09:08 [INFO]: Loading Middlewares...
yyyy-03-00 20:09:08 [INFO]: All Middlewares Loaded...

yyyy-03-00 20:09:08 [INFO]: Mounting Routes...
yyyy-03-00 20:09:08 [INFO]: Dev Router mounted at: /dev
yyyy-03-00 20:09:08 [INFO]: Auth Router mounted at: /auth
yyyy-03-00 20:09:08 [INFO]: Account Router mounted at: /account
yyyy-03-00 20:09:08 [INFO]: Routes Mounted... 

yyyy-03-00 20:09:08 [INFO]: Server is running at http://localhost:4000
yyyy-03-01 11:00:34 [INFO]: Loading App... 

yyyy-03-01 11:00:34 [INFO]: MongoDB connected 

yyyy-03-01 11:00:34 [INFO]: Loading Middlewares...
yyyy-03-01 11:00:34 [INFO]: All Middlewares Loaded...

yyyy-03-01 11:00:34 [INFO]: Mounting Routes...
yyyy-03-01 11:00:34 [INFO]: Dev Router mounted at: /dev
yyyy-03-01 11:00:34 [INFO]: Auth Router mounted at: /auth
yyyy-03-01 11:00:34 [INFO]: Account Router mounted at: /account
yyyy-03-01 11:00:34 [INFO]: Routes Mounted... 

yyyy-03-01 11:00:34 [INFO]: Server is running at http://localhost:4000
yyyy-03-01 11:06:05 [INFO]: Loading App... 

yyyy-03-01 11:06:05 [INFO]: MongoDB connected 

yyyy-03-01 11:06:05 [INFO]: Loading Middlewares...
yyyy-03-01 11:06:05 [INFO]: All Middlewares Loaded...

yyyy-03-01 11:06:05 [INFO]: Mounting Routes...
yyyy-03-01 11:06:05 [INFO]: Dev Router mounted at: /dev
yyyy-03-01 11:06:05 [INFO]: Auth Router mounted at: /auth
yyyy-03-01 11:06:05 [INFO]: Account Router mounted at: /account
yyyy-03-01 11:06:05 [INFO]: Routes Mounted... 

yyyy-03-01 11:06:05 [INFO]: Server is running at http://localhost:4000
yyyy-03-01 11:07:28 [INFO]: Loading App... 

yyyy-03-01 11:07:28 [INFO]: MongoDB connected 

yyyy-03-01 11:07:28 [INFO]: Loading Middlewares...
yyyy-03-01 11:07:28 [INFO]: All Middlewares Loaded...

yyyy-03-01 11:07:28 [INFO]: Mounting Routes...
yyyy-03-01 11:07:28 [INFO]: Dev Router mounted at: /dev
yyyy-03-01 11:07:28 [INFO]: Auth Router mounted at: /auth
yyyy-03-01 11:07:28 [INFO]: Account Router mounted at: /account
yyyy-03-01 11:07:28 [INFO]: Routes Mounted... 

yyyy-03-01 11:07:28 [INFO]: Server is running at http://localhost:4000
yyyy-03-01 11:07:37 [INFO]: Loading App... 

yyyy-03-01 11:07:37 [INFO]: MongoDB connected 

yyyy-03-01 11:07:37 [INFO]: Loading Middlewares...
yyyy-03-01 11:07:37 [INFO]: All Middlewares Loaded...

yyyy-03-01 11:07:37 [INFO]: Mounting Routes...
yyyy-03-01 11:07:37 [INFO]: Dev Router mounted at: /dev
yyyy-03-01 11:07:37 [INFO]: Auth Router mounted at: /auth
yyyy-03-01 11:07:37 [INFO]: Account Router mounted at: /account
yyyy-03-01 11:07:37 [INFO]: Routes Mounted... 

yyyy-03-01 11:07:37 [INFO]: Server is running at http://localhost:4000
yyyy-03-01 11:07:38 [INFO]: Loading App... 

yyyy-03-01 11:07:38 [INFO]: MongoDB connected 

yyyy-03-01 11:07:38 [INFO]: Loading Middlewares...
yyyy-03-01 11:07:38 [INFO]: All Middlewares Loaded...

yyyy-03-01 11:07:38 [INFO]: Mounting Routes...
yyyy-03-01 11:07:38 [INFO]: Dev Router mounted at: /dev
yyyy-03-01 11:07:38 [INFO]: Auth Router mounted at: /auth
yyyy-03-01 11:07:38 [INFO]: Account Router mounted at: /account
yyyy-03-01 11:07:38 [INFO]: Routes Mounted... 

yyyy-03-01 11:07:38 [INFO]: Server is running at http://localhost:4000
yyyy-03-01 11:08:12 [INFO]: Loading App... 

yyyy-03-01 11:08:12 [INFO]: MongoDB connected 

yyyy-03-01 11:08:12 [INFO]: Loading Middlewares...
yyyy-03-01 11:08:12 [INFO]: All Middlewares Loaded...

yyyy-03-01 11:08:12 [INFO]: Mounting Routes...
yyyy-03-01 11:08:12 [INFO]: Dev Router mounted at: /dev
yyyy-03-01 11:08:12 [INFO]: Auth Router mounted at: /auth
yyyy-03-01 11:08:12 [INFO]: Account Router mounted at: /account
yyyy-03-01 11:08:12 [INFO]: Routes Mounted... 

yyyy-03-01 11:08:13 [INFO]: Server is running at http://localhost:4000
yyyy-03-01 11:09:49 [INFO]: Loading App... 

yyyy-03-01 11:09:49 [INFO]: MongoDB connected 

yyyy-03-01 11:09:49 [INFO]: Loading Middlewares...
yyyy-03-01 11:09:49 [INFO]: All Middlewares Loaded...

yyyy-03-01 11:09:49 [INFO]: Mounting Routes...
yyyy-03-01 11:09:49 [INFO]: Dev Router mounted at: /dev
yyyy-03-01 11:09:49 [INFO]: Auth Router mounted at: /auth
yyyy-03-01 11:09:49 [INFO]: Account Router mounted at: /account
yyyy-03-01 11:09:49 [INFO]: Routes Mounted... 

yyyy-03-01 11:09:49 [INFO]: Server is running at http://localhost:4000
yyyy-03-01 11:10:09 [INFO]: Loading App... 

yyyy-03-01 11:10:09 [INFO]: MongoDB connected 

yyyy-03-01 11:10:09 [INFO]: Loading Middlewares...
yyyy-03-01 11:10:09 [INFO]: All Middlewares Loaded...

yyyy-03-01 11:10:09 [INFO]: Mounting Routes...
yyyy-03-01 11:10:09 [INFO]: Dev Router mounted at: /dev
yyyy-03-01 11:10:09 [INFO]: Auth Router mounted at: /auth
yyyy-03-01 11:10:09 [INFO]: Account Router mounted at: /account
yyyy-03-01 11:10:09 [INFO]: Routes Mounted... 

yyyy-03-01 11:10:09 [INFO]: Server is running at http://localhost:4000
yyyy-03-01 11:10:19 [INFO]: Loading App... 

yyyy-03-01 11:10:19 [INFO]: MongoDB connected 

yyyy-03-01 11:10:19 [INFO]: Loading Middlewares...
yyyy-03-01 11:10:19 [INFO]: All Middlewares Loaded...

yyyy-03-01 11:10:19 [INFO]: Mounting Routes...
yyyy-03-01 11:10:19 [INFO]: Dev Router mounted at: /dev
yyyy-03-01 11:10:19 [INFO]: Auth Router mounted at: /auth
yyyy-03-01 11:10:19 [INFO]: Account Router mounted at: /account
yyyy-03-01 11:10:19 [INFO]: Routes Mounted... 

yyyy-03-01 11:10:19 [INFO]: Server is running at http://localhost:4000
yyyy-03-01 11:10:20 [INFO]: Loading App... 

yyyy-03-01 11:10:20 [INFO]: MongoDB connected 

yyyy-03-01 11:10:20 [INFO]: Loading Middlewares...
yyyy-03-01 11:10:20 [INFO]: All Middlewares Loaded...

yyyy-03-01 11:10:20 [INFO]: Mounting Routes...
yyyy-03-01 11:10:20 [INFO]: Dev Router mounted at: /dev
yyyy-03-01 11:10:20 [INFO]: Auth Router mounted at: /auth
yyyy-03-01 11:10:20 [INFO]: Account Router mounted at: /account
yyyy-03-01 11:10:20 [INFO]: Routes Mounted... 

yyyy-03-01 11:10:20 [INFO]: Server is running at http://localhost:4000
yyyy-03-01 11:10:24 [INFO]: Loading App... 

yyyy-03-01 11:10:24 [INFO]: MongoDB connected 

yyyy-03-01 11:10:24 [INFO]: Loading Middlewares...
yyyy-03-01 11:10:24 [INFO]: All Middlewares Loaded...

yyyy-03-01 11:10:24 [INFO]: Mounting Routes...
yyyy-03-01 11:10:24 [INFO]: Dev Router mounted at: /dev
yyyy-03-01 11:10:24 [INFO]: Auth Router mounted at: /auth
yyyy-03-01 11:10:24 [INFO]: Account Router mounted at: /account
yyyy-03-01 11:10:24 [INFO]: Routes Mounted... 

yyyy-03-01 11:10:24 [INFO]: Server is running at http://localhost:4000
yyyy-03-01 11:10:26 [INFO]: Loading App... 

yyyy-03-01 11:10:26 [INFO]: MongoDB connected 

yyyy-03-01 11:10:26 [INFO]: Loading Middlewares...
yyyy-03-01 11:10:26 [INFO]: All Middlewares Loaded...

yyyy-03-01 11:10:26 [INFO]: Mounting Routes...
yyyy-03-01 11:10:26 [INFO]: Dev Router mounted at: /dev
yyyy-03-01 11:10:26 [INFO]: Auth Router mounted at: /auth
yyyy-03-01 11:10:26 [INFO]: Account Router mounted at: /account
yyyy-03-01 11:10:26 [INFO]: Routes Mounted... 

yyyy-03-01 11:10:26 [INFO]: Server is running at http://localhost:4000
yyyy-03-01 11:10:35 [INFO]: Loading App... 

yyyy-03-01 11:10:35 [INFO]: MongoDB connected 

yyyy-03-01 11:10:35 [INFO]: Loading Middlewares...
yyyy-03-01 11:10:35 [INFO]: All Middlewares Loaded...

yyyy-03-01 11:10:35 [INFO]: Mounting Routes...
yyyy-03-01 11:10:35 [INFO]: Dev Router mounted at: /dev
yyyy-03-01 11:10:35 [INFO]: Auth Router mounted at: /auth
yyyy-03-01 11:10:35 [INFO]: Account Router mounted at: /account
yyyy-03-01 11:10:35 [INFO]: Routes Mounted... 

yyyy-03-01 11:10:35 [INFO]: Server is running at http://localhost:4000
yyyy-03-01 11:10:59 [ERROR]: Error in creating new user bcrypt is not defined
yyyy-03-01 11:11:18 [INFO]: Loading App... 

yyyy-03-01 11:11:18 [INFO]: MongoDB connected 

yyyy-03-01 11:11:18 [INFO]: Loading Middlewares...
yyyy-03-01 11:11:18 [INFO]: All Middlewares Loaded...

yyyy-03-01 11:11:18 [INFO]: Mounting Routes...
yyyy-03-01 11:11:18 [INFO]: Dev Router mounted at: /dev
yyyy-03-01 11:11:18 [INFO]: Auth Router mounted at: /auth
yyyy-03-01 11:11:18 [INFO]: Account Router mounted at: /account
yyyy-03-01 11:11:18 [INFO]: Routes Mounted... 

yyyy-03-01 11:11:18 [INFO]: Server is running at http://localhost:4000
yyyy-03-01 11:11:24 [INFO]: Loading App... 

yyyy-03-01 11:11:24 [INFO]: MongoDB connected 

yyyy-03-01 11:11:24 [INFO]: Loading Middlewares...
yyyy-03-01 11:11:24 [INFO]: All Middlewares Loaded...

yyyy-03-01 11:11:24 [INFO]: Mounting Routes...
yyyy-03-01 11:11:24 [INFO]: Dev Router mounted at: /dev
yyyy-03-01 11:11:24 [INFO]: Auth Router mounted at: /auth
yyyy-03-01 11:11:24 [INFO]: Account Router mounted at: /account
yyyy-03-01 11:11:24 [INFO]: Routes Mounted... 

yyyy-03-01 11:11:24 [INFO]: Server is running at http://localhost:4000
yyyy-03-01 11:11:37 [INFO]: Loading App... 

yyyy-03-01 11:11:37 [INFO]: MongoDB connected 

yyyy-03-01 11:11:37 [INFO]: Loading Middlewares...
yyyy-03-01 11:11:37 [INFO]: All Middlewares Loaded...

yyyy-03-01 11:11:37 [INFO]: Mounting Routes...
yyyy-03-01 11:11:37 [INFO]: Dev Router mounted at: /dev
yyyy-03-01 11:11:37 [INFO]: Auth Router mounted at: /auth
yyyy-03-01 11:11:37 [INFO]: Account Router mounted at: /account
yyyy-03-01 11:11:37 [INFO]: Routes Mounted... 

yyyy-03-01 11:11:37 [INFO]: Server is running at http://localhost:4000
yyyy-03-01 11:11:38 [INFO]: Loading App... 

yyyy-03-01 11:11:38 [INFO]: MongoDB connected 

yyyy-03-01 11:11:38 [INFO]: Loading Middlewares...
yyyy-03-01 11:11:38 [INFO]: All Middlewares Loaded...

yyyy-03-01 11:11:38 [INFO]: Mounting Routes...
yyyy-03-01 11:11:38 [INFO]: Dev Router mounted at: /dev
yyyy-03-01 11:11:38 [INFO]: Auth Router mounted at: /auth
yyyy-03-01 11:11:38 [INFO]: Account Router mounted at: /account
yyyy-03-01 11:11:38 [INFO]: Routes Mounted... 

yyyy-03-01 11:11:38 [INFO]: Server is running at http://localhost:4000
yyyy-03-01 11:13:41 [INFO]: Loading App... 

yyyy-03-01 11:13:41 [INFO]: MongoDB connected 

yyyy-03-01 11:13:41 [INFO]: Loading Middlewares...
yyyy-03-01 11:13:41 [INFO]: All Middlewares Loaded...

yyyy-03-01 11:13:41 [INFO]: Mounting Routes...
yyyy-03-01 11:13:41 [INFO]: Dev Router mounted at: /dev
yyyy-03-01 11:13:41 [INFO]: Auth Router mounted at: /auth
yyyy-03-01 11:13:41 [INFO]: Account Router mounted at: /account
yyyy-03-01 11:13:41 [INFO]: Routes Mounted... 

yyyy-03-01 11:13:41 [INFO]: Server is running at http://localhost:4000
yyyy-03-01 11:13:45 [INFO]: Loading App... 

yyyy-03-01 11:13:45 [INFO]: MongoDB connected 

yyyy-03-01 11:13:45 [INFO]: Loading Middlewares...
yyyy-03-01 11:13:45 [INFO]: All Middlewares Loaded...

yyyy-03-01 11:13:45 [INFO]: Mounting Routes...
yyyy-03-01 11:13:45 [INFO]: Dev Router mounted at: /dev
yyyy-03-01 11:13:45 [INFO]: Auth Router mounted at: /auth
yyyy-03-01 11:13:45 [INFO]: Account Router mounted at: /account
yyyy-03-01 11:13:45 [INFO]: Routes Mounted... 

yyyy-03-01 11:13:45 [INFO]: Server is running at http://localhost:4000
yyyy-03-01 11:15:28 [INFO]: Loading App... 

yyyy-03-01 11:15:28 [INFO]: MongoDB connected 

yyyy-03-01 11:15:28 [INFO]: Loading Middlewares...
yyyy-03-01 11:15:28 [INFO]: All Middlewares Loaded...

yyyy-03-01 11:15:28 [INFO]: Mounting Routes...
yyyy-03-01 11:15:28 [INFO]: Dev Router mounted at: /dev
yyyy-03-01 11:15:28 [INFO]: Auth Router mounted at: /auth
yyyy-03-01 11:15:28 [INFO]: Account Router mounted at: /account
yyyy-03-01 11:15:28 [INFO]: Routes Mounted... 

yyyy-03-01 11:15:28 [INFO]: Server is running at http://localhost:4000
yyyy-03-01 11:15:34 [INFO]: Loading App... 

yyyy-03-01 11:15:34 [INFO]: MongoDB connected 

yyyy-03-01 11:15:34 [INFO]: Loading Middlewares...
yyyy-03-01 11:15:34 [INFO]: All Middlewares Loaded...

yyyy-03-01 11:15:34 [INFO]: Mounting Routes...
yyyy-03-01 11:15:34 [INFO]: Dev Router mounted at: /dev
yyyy-03-01 11:15:34 [INFO]: Auth Router mounted at: /auth
yyyy-03-01 11:15:34 [INFO]: Account Router mounted at: /account
yyyy-03-01 11:15:34 [INFO]: Routes Mounted... 

yyyy-03-01 11:15:34 [INFO]: Server is running at http://localhost:4000
yyyy-03-01 11:15:39 [INFO]: Loading App... 

yyyy-03-01 11:15:39 [INFO]: MongoDB connected 

yyyy-03-01 11:15:39 [INFO]: Loading Middlewares...
yyyy-03-01 11:15:39 [INFO]: All Middlewares Loaded...

yyyy-03-01 11:15:39 [INFO]: Mounting Routes...
yyyy-03-01 11:15:39 [INFO]: Dev Router mounted at: /dev
yyyy-03-01 11:15:39 [INFO]: Auth Router mounted at: /auth
yyyy-03-01 11:15:39 [INFO]: Account Router mounted at: /account
yyyy-03-01 11:15:39 [INFO]: Routes Mounted... 

yyyy-03-01 11:15:39 [INFO]: Server is running at http://localhost:4000
yyyy-03-01 11:15:41 [INFO]: Loading App... 

yyyy-03-01 11:15:41 [INFO]: MongoDB connected 

yyyy-03-01 11:15:41 [INFO]: Loading Middlewares...
yyyy-03-01 11:15:41 [INFO]: All Middlewares Loaded...

yyyy-03-01 11:15:41 [INFO]: Mounting Routes...
yyyy-03-01 11:15:41 [INFO]: Dev Router mounted at: /dev
yyyy-03-01 11:15:41 [INFO]: Auth Router mounted at: /auth
yyyy-03-01 11:15:41 [INFO]: Account Router mounted at: /account
yyyy-03-01 11:15:41 [INFO]: Routes Mounted... 

yyyy-03-01 11:15:41 [INFO]: Server is running at http://localhost:4000
yyyy-03-01 11:15:42 [INFO]: Loading App... 

yyyy-03-01 11:15:42 [INFO]: MongoDB connected 

yyyy-03-01 11:15:42 [INFO]: Loading Middlewares...
yyyy-03-01 11:15:42 [INFO]: All Middlewares Loaded...

yyyy-03-01 11:15:42 [INFO]: Mounting Routes...
yyyy-03-01 11:15:42 [INFO]: Dev Router mounted at: /dev
yyyy-03-01 11:15:42 [INFO]: Auth Router mounted at: /auth
yyyy-03-01 11:15:42 [INFO]: Account Router mounted at: /account
yyyy-03-01 11:15:42 [INFO]: Routes Mounted... 

yyyy-03-01 11:15:42 [INFO]: Server is running at http://localhost:4000
yyyy-03-01 11:15:43 [INFO]: Loading App... 

yyyy-03-01 11:15:43 [INFO]: MongoDB connected 

yyyy-03-01 11:15:43 [INFO]: Loading Middlewares...
yyyy-03-01 11:15:43 [INFO]: All Middlewares Loaded...

yyyy-03-01 11:15:43 [INFO]: Mounting Routes...
yyyy-03-01 11:15:43 [INFO]: Dev Router mounted at: /dev
yyyy-03-01 11:15:43 [INFO]: Auth Router mounted at: /auth
yyyy-03-01 11:15:43 [INFO]: Account Router mounted at: /account
yyyy-03-01 11:15:43 [INFO]: Routes Mounted... 

yyyy-03-01 11:15:43 [INFO]: Server is running at http://localhost:4000
yyyy-03-01 11:15:45 [INFO]: Loading App... 

yyyy-03-01 11:15:45 [INFO]: MongoDB connected 

yyyy-03-01 11:15:45 [INFO]: Loading Middlewares...
yyyy-03-01 11:15:45 [INFO]: All Middlewares Loaded...

yyyy-03-01 11:15:45 [INFO]: Mounting Routes...
yyyy-03-01 11:15:45 [INFO]: Dev Router mounted at: /dev
yyyy-03-01 11:15:45 [INFO]: Auth Router mounted at: /auth
yyyy-03-01 11:15:45 [INFO]: Account Router mounted at: /account
yyyy-03-01 11:15:45 [INFO]: Routes Mounted... 

yyyy-03-01 11:15:45 [INFO]: Server is running at http://localhost:4000
yyyy-03-01 11:15:47 [INFO]: Loading App... 

yyyy-03-01 11:15:47 [INFO]: MongoDB connected 

yyyy-03-01 11:15:47 [INFO]: Loading Middlewares...
yyyy-03-01 11:15:47 [INFO]: All Middlewares Loaded...

yyyy-03-01 11:15:47 [INFO]: Mounting Routes...
yyyy-03-01 11:15:47 [INFO]: Dev Router mounted at: /dev
yyyy-03-01 11:15:47 [INFO]: Auth Router mounted at: /auth
yyyy-03-01 11:15:47 [INFO]: Account Router mounted at: /account
yyyy-03-01 11:15:47 [INFO]: Routes Mounted... 

yyyy-03-01 11:15:47 [INFO]: Server is running at http://localhost:4000
yyyy-03-01 11:15:49 [INFO]: Loading App... 

yyyy-03-01 11:15:49 [INFO]: MongoDB connected 

yyyy-03-01 11:15:49 [INFO]: Loading Middlewares...
yyyy-03-01 11:15:49 [INFO]: All Middlewares Loaded...

yyyy-03-01 11:15:49 [INFO]: Mounting Routes...
yyyy-03-01 11:15:49 [INFO]: Dev Router mounted at: /dev
yyyy-03-01 11:15:49 [INFO]: Auth Router mounted at: /auth
yyyy-03-01 11:15:49 [INFO]: Account Router mounted at: /account
yyyy-03-01 11:15:49 [INFO]: Routes Mounted... 

yyyy-03-01 11:15:49 [INFO]: Server is running at http://localhost:4000
yyyy-03-01 11:15:51 [INFO]: Loading App... 

yyyy-03-01 11:15:51 [INFO]: MongoDB connected 

yyyy-03-01 11:15:51 [INFO]: Loading Middlewares...
yyyy-03-01 11:15:51 [INFO]: All Middlewares Loaded...

yyyy-03-01 11:15:51 [INFO]: Mounting Routes...
yyyy-03-01 11:15:51 [INFO]: Dev Router mounted at: /dev
yyyy-03-01 11:15:51 [INFO]: Auth Router mounted at: /auth
yyyy-03-01 11:15:51 [INFO]: Account Router mounted at: /account
yyyy-03-01 11:15:51 [INFO]: Routes Mounted... 

yyyy-03-01 11:15:52 [INFO]: Server is running at http://localhost:4000
yyyy-03-01 11:15:53 [INFO]: Loading App... 

yyyy-03-01 11:15:53 [INFO]: MongoDB connected 

yyyy-03-01 11:15:53 [INFO]: Loading Middlewares...
yyyy-03-01 11:15:53 [INFO]: All Middlewares Loaded...

yyyy-03-01 11:15:53 [INFO]: Mounting Routes...
yyyy-03-01 11:15:53 [INFO]: Dev Router mounted at: /dev
yyyy-03-01 11:15:53 [INFO]: Auth Router mounted at: /auth
yyyy-03-01 11:15:53 [INFO]: Account Router mounted at: /account
yyyy-03-01 11:15:53 [INFO]: Routes Mounted... 

yyyy-03-01 11:15:53 [INFO]: Server is running at http://localhost:4000
yyyy-03-01 11:15:56 [INFO]: Loading App... 

yyyy-03-01 11:15:56 [INFO]: MongoDB connected 

yyyy-03-01 11:15:56 [INFO]: Loading Middlewares...
yyyy-03-01 11:15:56 [INFO]: All Middlewares Loaded...

yyyy-03-01 11:15:56 [INFO]: Mounting Routes...
yyyy-03-01 11:15:56 [INFO]: Dev Router mounted at: /dev
yyyy-03-01 11:15:56 [INFO]: Auth Router mounted at: /auth
yyyy-03-01 11:15:56 [INFO]: Account Router mounted at: /account
yyyy-03-01 11:15:56 [INFO]: Routes Mounted... 

yyyy-03-01 11:15:56 [INFO]: Server is running at http://localhost:4000
yyyy-03-01 11:17:51 [INFO]: Loading App... 

yyyy-03-01 11:17:51 [INFO]: MongoDB connected 

yyyy-03-01 11:17:51 [INFO]: Loading Middlewares...
yyyy-03-01 11:17:51 [INFO]: All Middlewares Loaded...

yyyy-03-01 11:17:51 [INFO]: Mounting Routes...
yyyy-03-01 11:17:51 [INFO]: Dev Router mounted at: /dev
yyyy-03-01 11:17:51 [INFO]: Auth Router mounted at: /auth
yyyy-03-01 11:17:51 [INFO]: Account Router mounted at: /account
yyyy-03-01 11:17:51 [INFO]: Routes Mounted... 

yyyy-03-01 11:17:51 [INFO]: Server is running at http://localhost:4000
yyyy-03-01 11:17:58 [INFO]: Loading App... 

yyyy-03-01 11:17:58 [INFO]: MongoDB connected 

yyyy-03-01 11:17:58 [INFO]: Loading Middlewares...
yyyy-03-01 11:17:58 [INFO]: All Middlewares Loaded...

yyyy-03-01 11:17:58 [INFO]: Mounting Routes...
yyyy-03-01 11:17:58 [INFO]: Dev Router mounted at: /dev
yyyy-03-01 11:17:58 [INFO]: Auth Router mounted at: /auth
yyyy-03-01 11:17:58 [INFO]: Account Router mounted at: /account
yyyy-03-01 11:17:58 [INFO]: Routes Mounted... 

yyyy-03-01 11:17:58 [INFO]: Server is running at http://localhost:4000
yyyy-03-01 11:18:06 [INFO]: Loading App... 

yyyy-03-01 11:18:06 [INFO]: MongoDB connected 

yyyy-03-01 11:18:06 [INFO]: Loading Middlewares...
yyyy-03-01 11:18:06 [INFO]: All Middlewares Loaded...

yyyy-03-01 11:18:06 [INFO]: Mounting Routes...
yyyy-03-01 11:18:06 [INFO]: Dev Router mounted at: /dev
yyyy-03-01 11:18:06 [INFO]: Auth Router mounted at: /auth
yyyy-03-01 11:18:06 [INFO]: Account Router mounted at: /account
yyyy-03-01 11:18:06 [INFO]: Companion Router mounted at: /companion
yyyy-03-01 11:18:06 [INFO]: Routes Mounted... 

yyyy-03-01 11:18:06 [INFO]: Server is running at http://localhost:4000
yyyy-03-01 11:24:42 [INFO]: Loading App... 

yyyy-03-01 11:24:42 [INFO]: MongoDB connected 

yyyy-03-01 11:24:42 [INFO]: Loading Middlewares...
yyyy-03-01 11:24:42 [INFO]: All Middlewares Loaded...

yyyy-03-01 11:24:42 [INFO]: Mounting Routes...
yyyy-03-01 11:24:42 [INFO]: Dev Router mounted at: /dev
yyyy-03-01 11:24:42 [INFO]: Auth Router mounted at: /auth
yyyy-03-01 11:24:42 [INFO]: Account Router mounted at: /account
yyyy-03-01 11:24:42 [INFO]: Companion Router mounted at: /companion
yyyy-03-01 11:24:42 [INFO]: Routes Mounted... 

yyyy-03-01 11:24:42 [INFO]: Server is running at http://localhost:4000
yyyy-03-01 11:24:45 [INFO]: Loading App... 

yyyy-03-01 11:24:45 [INFO]: MongoDB connected 

yyyy-03-01 11:24:45 [INFO]: Loading Middlewares...
yyyy-03-01 11:24:45 [INFO]: All Middlewares Loaded...

yyyy-03-01 11:24:45 [INFO]: Mounting Routes...
yyyy-03-01 11:24:45 [INFO]: Dev Router mounted at: /dev
yyyy-03-01 11:24:45 [INFO]: Auth Router mounted at: /auth
yyyy-03-01 11:24:45 [INFO]: Account Router mounted at: /account
yyyy-03-01 11:24:45 [INFO]: Companion Router mounted at: /companion
yyyy-03-01 11:24:45 [INFO]: Routes Mounted... 

yyyy-03-01 11:24:45 [INFO]: Server is running at http://localhost:4000
yyyy-03-01 11:25:08 [INFO]: Loading App... 

yyyy-03-01 11:25:08 [INFO]: MongoDB connected 

yyyy-03-01 11:25:08 [INFO]: Loading Middlewares...
yyyy-03-01 11:25:08 [INFO]: All Middlewares Loaded...

yyyy-03-01 11:25:08 [INFO]: Mounting Routes...
yyyy-03-01 11:25:08 [INFO]: Dev Router mounted at: /dev
yyyy-03-01 11:25:08 [INFO]: Auth Router mounted at: /auth
yyyy-03-01 11:25:08 [INFO]: Account Router mounted at: /account
yyyy-03-01 11:25:08 [INFO]: Companion Router mounted at: /companion
yyyy-03-01 11:25:08 [INFO]: Routes Mounted... 

yyyy-03-01 11:25:08 [INFO]: Server is running at http://localhost:4000
yyyy-03-01 11:27:13 [INFO]: Loading App... 

yyyy-03-01 11:27:13 [INFO]: MongoDB connected 

yyyy-03-01 11:27:13 [INFO]: Loading Middlewares...
yyyy-03-01 11:27:13 [INFO]: All Middlewares Loaded...

yyyy-03-01 11:27:13 [INFO]: Mounting Routes...
yyyy-03-01 11:27:13 [INFO]: Dev Router mounted at: /dev
yyyy-03-01 11:27:13 [INFO]: Auth Router mounted at: /auth
yyyy-03-01 11:27:13 [INFO]: Account Router mounted at: /account
yyyy-03-01 11:27:13 [INFO]: Companion Router mounted at: /companion
yyyy-03-01 11:27:13 [INFO]: Routes Mounted... 

yyyy-03-01 11:27:13 [INFO]: Server is running at http://localhost:4000
yyyy-03-01 11:27:14 [INFO]: Loading App... 

yyyy-03-01 11:27:14 [INFO]: MongoDB connected 

yyyy-03-01 11:27:14 [INFO]: Loading Middlewares...
yyyy-03-01 11:27:14 [INFO]: All Middlewares Loaded...

yyyy-03-01 11:27:14 [INFO]: Mounting Routes...
yyyy-03-01 11:27:14 [INFO]: Dev Router mounted at: /dev
yyyy-03-01 11:27:14 [INFO]: Auth Router mounted at: /auth
yyyy-03-01 11:27:14 [INFO]: Account Router mounted at: /account
yyyy-03-01 11:27:14 [INFO]: Companion Router mounted at: /companion
yyyy-03-01 11:27:14 [INFO]: Routes Mounted... 

yyyy-03-01 11:27:14 [INFO]: Server is running at http://localhost:4000
yyyy-03-01 11:27:20 [INFO]: Loading App... 

yyyy-03-01 11:27:20 [INFO]: MongoDB connected 

yyyy-03-01 11:27:20 [INFO]: Loading Middlewares...
yyyy-03-01 11:27:20 [INFO]: All Middlewares Loaded...

yyyy-03-01 11:27:20 [INFO]: Mounting Routes...
yyyy-03-01 11:27:20 [INFO]: Dev Router mounted at: /dev
yyyy-03-01 11:27:20 [INFO]: Auth Router mounted at: /auth
yyyy-03-01 11:27:20 [INFO]: Account Router mounted at: /account
yyyy-03-01 11:27:20 [INFO]: Companion Router mounted at: /companion
yyyy-03-01 11:27:20 [INFO]: Routes Mounted... 

yyyy-03-01 11:27:20 [INFO]: Server is running at http://localhost:4000
yyyy-03-01 11:27:22 [INFO]: Loading App... 

yyyy-03-01 11:27:22 [INFO]: MongoDB connected 

yyyy-03-01 11:27:22 [INFO]: Loading Middlewares...
yyyy-03-01 11:27:22 [INFO]: All Middlewares Loaded...

yyyy-03-01 11:27:22 [INFO]: Mounting Routes...
yyyy-03-01 11:27:22 [INFO]: Dev Router mounted at: /dev
yyyy-03-01 11:27:22 [INFO]: Auth Router mounted at: /auth
yyyy-03-01 11:27:22 [INFO]: Account Router mounted at: /account
yyyy-03-01 11:27:22 [INFO]: Companion Router mounted at: /companion
yyyy-03-01 11:27:22 [INFO]: Routes Mounted... 

yyyy-03-01 11:27:22 [INFO]: Server is running at http://localhost:4000
yyyy-03-01 11:27:26 [INFO]: Loading App... 

yyyy-03-01 11:27:26 [INFO]: MongoDB connected 

yyyy-03-01 11:27:26 [INFO]: Loading Middlewares...
yyyy-03-01 11:27:26 [INFO]: All Middlewares Loaded...

yyyy-03-01 11:27:26 [INFO]: Mounting Routes...
yyyy-03-01 11:27:26 [INFO]: Dev Router mounted at: /dev
yyyy-03-01 11:27:26 [INFO]: Auth Router mounted at: /auth
yyyy-03-01 11:27:26 [INFO]: Account Router mounted at: /account
yyyy-03-01 11:27:26 [INFO]: Companion Router mounted at: /companion
yyyy-03-01 11:27:26 [INFO]: Routes Mounted... 

yyyy-03-01 11:27:26 [INFO]: Server is running at http://localhost:4000
yyyy-03-01 11:30:53 [INFO]: Loading App... 

yyyy-03-01 11:30:53 [INFO]: MongoDB connected 

yyyy-03-01 11:30:53 [INFO]: Loading Middlewares...
yyyy-03-01 11:30:53 [INFO]: All Middlewares Loaded...

yyyy-03-01 11:30:53 [INFO]: Mounting Routes...
yyyy-03-01 11:30:53 [INFO]: Dev Router mounted at: /dev
yyyy-03-01 11:30:53 [INFO]: Auth Router mounted at: /auth
yyyy-03-01 11:30:53 [INFO]: Account Router mounted at: /account
yyyy-03-01 11:30:53 [INFO]: Companion Router mounted at: /companion
yyyy-03-01 11:30:53 [INFO]: Routes Mounted... 

yyyy-03-01 11:30:53 [INFO]: Server is running at http://localhost:4000
yyyy-03-01 11:33:23 [INFO]: Loading App... 

yyyy-03-01 11:33:23 [INFO]: MongoDB connected 

yyyy-03-01 11:33:23 [INFO]: Loading Middlewares...
yyyy-03-01 11:33:23 [INFO]: All Middlewares Loaded...

yyyy-03-01 11:33:23 [INFO]: Mounting Routes...
yyyy-03-01 11:33:23 [INFO]: Dev Router mounted at: /dev
yyyy-03-01 11:33:23 [INFO]: Auth Router mounted at: /auth
yyyy-03-01 11:33:23 [INFO]: Account Router mounted at: /account
yyyy-03-01 11:33:23 [INFO]: Companion Router mounted at: /companion
yyyy-03-01 11:33:23 [INFO]: Routes Mounted... 

yyyy-03-01 11:33:23 [INFO]: Server is running at http://localhost:4000
yyyy-03-01 12:09:06 [INFO]: Loading App... 

yyyy-03-01 12:09:06 [INFO]: MongoDB connected 

yyyy-03-01 12:09:06 [INFO]: Loading Middlewares...
yyyy-03-01 12:09:06 [INFO]: All Middlewares Loaded...

yyyy-03-01 12:09:06 [INFO]: Mounting Routes...
yyyy-03-01 12:09:06 [INFO]: Dev Router mounted at: /dev
yyyy-03-01 12:09:06 [INFO]: Auth Router mounted at: /auth
yyyy-03-01 12:09:06 [INFO]: Account Router mounted at: /account
yyyy-03-01 12:09:06 [INFO]: Companion Router mounted at: /companion
yyyy-03-01 12:09:06 [INFO]: Routes Mounted... 

yyyy-03-01 12:09:06 [INFO]: Server is running at http://localhost:4000
yyyy-03-01 12:09:12 [INFO]: Loading App... 

yyyy-03-01 12:09:12 [INFO]: MongoDB connected 

yyyy-03-01 12:09:12 [INFO]: Loading Middlewares...
yyyy-03-01 12:09:12 [INFO]: All Middlewares Loaded...

yyyy-03-01 12:09:12 [INFO]: Mounting Routes...
yyyy-03-01 12:09:12 [INFO]: Dev Router mounted at: /dev
yyyy-03-01 12:09:12 [INFO]: Auth Router mounted at: /auth
yyyy-03-01 12:09:12 [INFO]: Account Router mounted at: /account
yyyy-03-01 12:09:12 [INFO]: Companion Router mounted at: /companion
yyyy-03-01 12:09:12 [INFO]: Routes Mounted... 

yyyy-03-01 12:09:12 [INFO]: Server is running at http://localhost:4000
yyyy-03-01 12:17:03 [INFO]: Loading App... 

yyyy-03-01 12:17:03 [INFO]: MongoDB connected 

yyyy-03-01 12:17:03 [INFO]: Loading Middlewares...
yyyy-03-01 12:17:03 [INFO]: All Middlewares Loaded...

yyyy-03-01 12:17:03 [INFO]: Mounting Routes...
yyyy-03-01 12:17:03 [INFO]: Dev Router mounted at: /dev
yyyy-03-01 12:17:03 [INFO]: Auth Router mounted at: /auth
yyyy-03-01 12:17:03 [INFO]: Account Router mounted at: /account
yyyy-03-01 12:17:03 [INFO]: Companion Router mounted at: /companion
yyyy-03-01 12:17:03 [INFO]: Routes Mounted... 

yyyy-03-01 12:17:03 [INFO]: Server is running at http://localhost:4000
yyyy-03-01 12:17:10 [INFO]: Loading App... 

yyyy-03-01 12:17:10 [INFO]: MongoDB connected 

yyyy-03-01 12:17:10 [INFO]: Loading Middlewares...
yyyy-03-01 12:17:10 [INFO]: All Middlewares Loaded...

yyyy-03-01 12:17:10 [INFO]: Mounting Routes...
yyyy-03-01 12:17:10 [INFO]: Dev Router mounted at: /dev
yyyy-03-01 12:17:10 [INFO]: Auth Router mounted at: /auth
yyyy-03-01 12:17:10 [INFO]: Account Router mounted at: /account
yyyy-03-01 12:17:10 [INFO]: Companion Router mounted at: /companion
yyyy-03-01 12:17:10 [INFO]: Routes Mounted... 

yyyy-03-01 12:17:10 [INFO]: Server is running at http://localhost:4000
